<?xml version="1.0" encoding="UTF-8"?>
<testng-results skipped="0" failed="2" total="4" passed="2">
  <reporter-output>
  </reporter-output>
  <suite name="Default suite" duration-ms="126170" started-at="2019-11-25T14:19:42Z" finished-at="2019-11-25T14:21:48Z">
    <groups>
    </groups>
    <test name="Default test" duration-ms="126170" started-at="2019-11-25T14:19:42Z" finished-at="2019-11-25T14:21:48Z">
      <class name="com.training.sanity.tests.ComplexTest3">
        <test-method status="PASS" signature="setUpBeforeClass()[pri:0, instance:com.training.sanity.tests.ComplexTest3@1ccaa]" name="setUpBeforeClass" is-config="true" duration-ms="16" started-at="2019-11-25T08:19:42Z" finished-at="2019-11-25T08:19:42Z">
          <reporter-output>
          </reporter-output>
        </test-method> <!-- setUpBeforeClass -->
        <test-method status="PASS" signature="setUp()[pri:0, instance:com.training.sanity.tests.ComplexTest3@1ccaa]" name="setUp" is-config="true" duration-ms="14983" started-at="2019-11-25T08:19:42Z" finished-at="2019-11-25T08:19:57Z">
          <reporter-output>
          </reporter-output>
        </test-method> <!-- setUp -->
        <test-method status="PASS" signature="registerationProcessTest(java.lang.String, java.lang.String, java.lang.String, java.lang.String, java.lang.String, java.lang.String, java.lang.String, java.lang.String, java.lang.String, java.lang.String, java.lang.String, java.lang.String)[pri:0, instance:com.training.sanity.tests.ComplexTest3@1ccaa]" name="registerationProcessTest" duration-ms="9578" started-at="2019-11-25T08:19:57Z" data-provider="excel-inpt" finished-at="2019-11-25T08:20:07Z">
          <params>
            <param index="0">
              <value>
                <![CDATA[rakhi]]>
              </value>
            </param>
            <param index="1">
              <value>
                <![CDATA[23456]]>
              </value>
            </param>
            <param index="2">
              <value>
                <![CDATA[vid1234@gmail.com]]>
              </value>
            </param>
            <param index="3">
              <value>
                <![CDATA[9876567738]]>
              </value>
            </param>
            <param index="4">
              <value>
                <![CDATA[K.R. Road]]>
              </value>
            </param>
            <param index="5">
              <value>
                <![CDATA[bangalore]]>
              </value>
            </param>
            <param index="6">
              <value>
                <![CDATA[bangalore]]>
              </value>
            </param>
            <param index="7">
              <value>
                <![CDATA[560012]]>
              </value>
            </param>
            <param index="8">
              <value>
                <![CDATA[India]]>
              </value>
            </param>
            <param index="9">
              <value>
                <![CDATA[Karnataka]]>
              </value>
            </param>
            <param index="10">
              <value>
                <![CDATA[rakhi]]>
              </value>
            </param>
            <param index="11">
              <value>
                <![CDATA[rakhi]]>
              </value>
            </param>
          </params>
          <reporter-output>
          </reporter-output>
        </test-method> <!-- registerationProcessTest -->
        <test-method status="PASS" signature="tearDown()[pri:0, instance:com.training.sanity.tests.ComplexTest3@1ccaa]" name="tearDown" is-config="true" duration-ms="1915" started-at="2019-11-25T08:20:07Z" finished-at="2019-11-25T08:20:09Z">
          <reporter-output>
          </reporter-output>
        </test-method> <!-- tearDown -->
        <test-method status="PASS" signature="setUp()[pri:0, instance:com.training.sanity.tests.ComplexTest3@1ccaa]" name="setUp" is-config="true" duration-ms="13577" started-at="2019-11-25T08:20:09Z" finished-at="2019-11-25T08:20:23Z">
          <reporter-output>
          </reporter-output>
        </test-method> <!-- setUp -->
        <test-method status="FAIL" signature="registerationProcessTest(java.lang.String, java.lang.String, java.lang.String, java.lang.String, java.lang.String, java.lang.String, java.lang.String, java.lang.String, java.lang.String, java.lang.String, java.lang.String, java.lang.String)[pri:0, instance:com.training.sanity.tests.ComplexTest3@1ccaa]" name="registerationProcessTest" duration-ms="6081" started-at="2019-11-25T08:20:23Z" data-provider="excel-inpt" finished-at="2019-11-25T08:20:29Z">
          <params>
            <param index="0">
              <value>
                <![CDATA[vaibhavi]]>
              </value>
            </param>
            <param index="1">
              <value>
                <![CDATA[mathur]]>
              </value>
            </param>
            <param index="2">
              <value>
                <![CDATA[vaibhav]]>
              </value>
            </param>
            <param index="3">
              <value>
                <![CDATA[9744666483]]>
              </value>
            </param>
            <param index="4">
              <value>
                <![CDATA[B.T.M layout]]>
              </value>
            </param>
            <param index="5">
              <value>
                <![CDATA[bangalore]]>
              </value>
            </param>
            <param index="6">
              <value>
                <![CDATA[bangalore]]>
              </value>
            </param>
            <param index="7">
              <value>
                <![CDATA[560016]]>
              </value>
            </param>
            <param index="8">
              <value>
                <![CDATA[India]]>
              </value>
            </param>
            <param index="9">
              <value>
                <![CDATA[Karnataka]]>
              </value>
            </param>
            <param index="10">
              <value>
                <![CDATA[vaibhavi]]>
              </value>
            </param>
            <param index="11">
              <value>
                <![CDATA[vaibhavi]]>
              </value>
            </param>
          </params>
          <exception class="java.lang.AssertionError">
            <message>
              <![CDATA[expected [true] but found [false]]]>
            </message>
            <full-stacktrace>
              <![CDATA[java.lang.AssertionError: expected [true] but found [false]
	at org.testng.Assert.fail(Assert.java:94)
	at org.testng.Assert.failNotEquals(Assert.java:496)
	at org.testng.Assert.assertTrue(Assert.java:42)
	at org.testng.Assert.assertTrue(Assert.java:52)
	at com.training.sanity.tests.ComplexTest3.registerationProcessTest(ComplexTest3.java:77)
	at sun.reflect.NativeMethodAccessorImpl.invoke0(Native Method)
	at sun.reflect.NativeMethodAccessorImpl.invoke(Unknown Source)
	at sun.reflect.DelegatingMethodAccessorImpl.invoke(Unknown Source)
	at java.lang.reflect.Method.invoke(Unknown Source)
	at org.testng.internal.MethodInvocationHelper.invokeMethod(MethodInvocationHelper.java:85)
	at org.testng.internal.Invoker.invokeMethod(Invoker.java:663)
	at org.testng.internal.Invoker.invokeTestMethod(Invoker.java:849)
	at org.testng.internal.Invoker.invokeTestMethods(Invoker.java:1157)
	at org.testng.internal.TestMethodWorker.invokeTestMethods(TestMethodWorker.java:124)
	at org.testng.internal.TestMethodWorker.run(TestMethodWorker.java:108)
	at org.testng.TestRunner.privateRun(TestRunner.java:771)
	at org.testng.TestRunner.run(TestRunner.java:621)
	at org.testng.SuiteRunner.runTest(SuiteRunner.java:357)
	at org.testng.SuiteRunner.runSequentially(SuiteRunner.java:352)
	at org.testng.SuiteRunner.privateRun(SuiteRunner.java:310)
	at org.testng.SuiteRunner.run(SuiteRunner.java:259)
	at org.testng.SuiteRunnerWorker.runSuite(SuiteRunnerWorker.java:52)
	at org.testng.SuiteRunnerWorker.run(SuiteRunnerWorker.java:86)
	at org.testng.TestNG.runSuitesSequentially(TestNG.java:1200)
	at org.testng.TestNG.runSuitesLocally(TestNG.java:1125)
	at org.testng.TestNG.run(TestNG.java:1033)
	at org.testng.remote.RemoteTestNG.run(RemoteTestNG.java:111)
	at org.testng.remote.RemoteTestNG.initAndRun(RemoteTestNG.java:204)
	at org.testng.remote.RemoteTestNG.main(RemoteTestNG.java:175)
]]>
            </full-stacktrace>
          </exception> <!-- java.lang.AssertionError -->
          <reporter-output>
          </reporter-output>
        </test-method> <!-- registerationProcessTest -->
        <test-method status="PASS" signature="tearDown()[pri:0, instance:com.training.sanity.tests.ComplexTest3@1ccaa]" name="tearDown" is-config="true" duration-ms="1902" started-at="2019-11-25T08:20:29Z" finished-at="2019-11-25T08:20:31Z">
          <reporter-output>
          </reporter-output>
        </test-method> <!-- tearDown -->
        <test-method status="PASS" signature="setUp()[pri:0, instance:com.training.sanity.tests.ComplexTest3@1ccaa]" name="setUp" is-config="true" duration-ms="14092" started-at="2019-11-25T08:20:31Z" finished-at="2019-11-25T08:20:45Z">
          <reporter-output>
          </reporter-output>
        </test-method> <!-- setUp -->
        <test-method status="FAIL" signature="registerationProcessTest(java.lang.String, java.lang.String, java.lang.String, java.lang.String, java.lang.String, java.lang.String, java.lang.String, java.lang.String, java.lang.String, java.lang.String, java.lang.String, java.lang.String)[pri:0, instance:com.training.sanity.tests.ComplexTest3@1ccaa]" name="registerationProcessTest" duration-ms="36658" started-at="2019-11-25T08:20:45Z" data-provider="excel-inpt" finished-at="2019-11-25T08:21:21Z">
          <params>
            <param index="0">
              <value>
                <![CDATA[neethi]]>
              </value>
            </param>
            <param index="1">
              <value>
                <![CDATA[mohan]]>
              </value>
            </param>
            <param index="2">
              <value>
                <![CDATA[neethi@gmail.com]]>
              </value>
            </param>
            <param index="3">
              <value>
                <![CDATA[hgtttww]]>
              </value>
            </param>
            <param index="4">
              <value>
                <![CDATA[Gokulam]]>
              </value>
            </param>
            <param index="5">
              <value>
                <![CDATA[Mysore]]>
              </value>
            </param>
            <param index="6">
              <value>
                <![CDATA[Mysore]]>
              </value>
            </param>
            <param index="7">
              <value>
                <![CDATA[571234]]>
              </value>
            </param>
            <param index="8">
              <value>
                <![CDATA[India]]>
              </value>
            </param>
            <param index="9">
              <value>
                <![CDATA[Mysore]]>
              </value>
            </param>
            <param index="10">
              <value>
                <![CDATA[neethi]]>
              </value>
            </param>
            <param index="11">
              <value>
                <![CDATA[neethi]]>
              </value>
            </param>
          </params>
          <exception class="org.openqa.selenium.NoSuchElementException">
            <message>
              <![CDATA[Cannot locate element with text: Mysore
For documentation on this error, please visit: http://seleniumhq.org/exceptions/no_such_element.html
Build info: version: '3.6.0', revision: '6fbf3ec767', time: '2017-09-27T15:28:36.4Z'
System info: host: 'DESKTOP-VGET4HH', ip: '192.168.43.61', os.name: 'Windows 10', os.arch: 'x86', os.version: '10.0', java.version: '1.8.0_161'
Driver info: driver.version: unknown]]>
            </message>
            <full-stacktrace>
              <![CDATA[org.openqa.selenium.NoSuchElementException: Cannot locate element with text: Mysore
For documentation on this error, please visit: http://seleniumhq.org/exceptions/no_such_element.html
Build info: version: '3.6.0', revision: '6fbf3ec767', time: '2017-09-27T15:28:36.4Z'
System info: host: 'DESKTOP-VGET4HH', ip: '192.168.43.61', os.name: 'Windows 10', os.arch: 'x86', os.version: '10.0', java.version: '1.8.0_161'
Driver info: driver.version: unknown
	at org.openqa.selenium.support.ui.Select.selectByVisibleText(Select.java:151)
	at com.training.pom.RegistrationPOM.selectRegiondatadriven(RegistrationPOM.java:82)
	at com.training.sanity.tests.ComplexTest3.registerationProcessTest(ComplexTest3.java:71)
	at sun.reflect.NativeMethodAccessorImpl.invoke0(Native Method)
	at sun.reflect.NativeMethodAccessorImpl.invoke(Unknown Source)
	at sun.reflect.DelegatingMethodAccessorImpl.invoke(Unknown Source)
	at java.lang.reflect.Method.invoke(Unknown Source)
	at org.testng.internal.MethodInvocationHelper.invokeMethod(MethodInvocationHelper.java:85)
	at org.testng.internal.Invoker.invokeMethod(Invoker.java:663)
	at org.testng.internal.Invoker.invokeTestMethod(Invoker.java:849)
	at org.testng.internal.Invoker.invokeTestMethods(Invoker.java:1157)
	at org.testng.internal.TestMethodWorker.invokeTestMethods(TestMethodWorker.java:124)
	at org.testng.internal.TestMethodWorker.run(TestMethodWorker.java:108)
	at org.testng.TestRunner.privateRun(TestRunner.java:771)
	at org.testng.TestRunner.run(TestRunner.java:621)
	at org.testng.SuiteRunner.runTest(SuiteRunner.java:357)
	at org.testng.SuiteRunner.runSequentially(SuiteRunner.java:352)
	at org.testng.SuiteRunner.privateRun(SuiteRunner.java:310)
	at org.testng.SuiteRunner.run(SuiteRunner.java:259)
	at org.testng.SuiteRunnerWorker.runSuite(SuiteRunnerWorker.java:52)
	at org.testng.SuiteRunnerWorker.run(SuiteRunnerWorker.java:86)
	at org.testng.TestNG.runSuitesSequentially(TestNG.java:1200)
	at org.testng.TestNG.runSuitesLocally(TestNG.java:1125)
	at org.testng.TestNG.run(TestNG.java:1033)
	at org.testng.remote.RemoteTestNG.run(RemoteTestNG.java:111)
	at org.testng.remote.RemoteTestNG.initAndRun(RemoteTestNG.java:204)
	at org.testng.remote.RemoteTestNG.main(RemoteTestNG.java:175)
]]>
            </full-stacktrace>
          </exception> <!-- org.openqa.selenium.NoSuchElementException -->
          <reporter-output>
          </reporter-output>
        </test-method> <!-- registerationProcessTest -->
        <test-method status="PASS" signature="tearDown()[pri:0, instance:com.training.sanity.tests.ComplexTest3@1ccaa]" name="tearDown" is-config="true" duration-ms="1794" started-at="2019-11-25T08:21:21Z" finished-at="2019-11-25T08:21:23Z">
          <reporter-output>
          </reporter-output>
        </test-method> <!-- tearDown -->
        <test-method status="PASS" signature="setUp()[pri:0, instance:com.training.sanity.tests.ComplexTest3@1ccaa]" name="setUp" is-config="true" duration-ms="14722" started-at="2019-11-25T08:21:23Z" finished-at="2019-11-25T08:21:38Z">
          <reporter-output>
          </reporter-output>
        </test-method> <!-- setUp -->
        <test-method status="PASS" signature="registerationProcessTest(java.lang.String, java.lang.String, java.lang.String, java.lang.String, java.lang.String, java.lang.String, java.lang.String, java.lang.String, java.lang.String, java.lang.String, java.lang.String, java.lang.String)[pri:0, instance:com.training.sanity.tests.ComplexTest3@1ccaa]" name="registerationProcessTest" duration-ms="7986" started-at="2019-11-25T08:21:38Z" data-provider="excel-inpt" finished-at="2019-11-25T08:21:46Z">
          <params>
            <param index="0">
              <value>
                <![CDATA[Diya]]>
              </value>
            </param>
            <param index="1">
              <value>
                <![CDATA[Krishna]]>
              </value>
            </param>
            <param index="2">
              <value>
                <![CDATA[diya112asd@gmail.com]]>
              </value>
            </param>
            <param index="3">
              <value>
                <![CDATA[7123457656]]>
              </value>
            </param>
            <param index="4">
              <value>
                <![CDATA[Hitec city]]>
              </value>
            </param>
            <param index="5">
              <value>
                <![CDATA[hyderabad]]>
              </value>
            </param>
            <param index="6">
              <value>
                <![CDATA[hyderabad]]>
              </value>
            </param>
            <param index="7">
              <value>
                <![CDATA[9876547]]>
              </value>
            </param>
            <param index="8">
              <value>
                <![CDATA[India]]>
              </value>
            </param>
            <param index="9">
              <value>
                <![CDATA[Telangana]]>
              </value>
            </param>
            <param index="10">
              <value>
                <![CDATA[diya]]>
              </value>
            </param>
            <param index="11">
              <value>
                <![CDATA[diya]]>
              </value>
            </param>
          </params>
          <reporter-output>
          </reporter-output>
        </test-method> <!-- registerationProcessTest -->
        <test-method status="PASS" signature="tearDown()[pri:0, instance:com.training.sanity.tests.ComplexTest3@1ccaa]" name="tearDown" is-config="true" duration-ms="1897" started-at="2019-11-25T08:21:46Z" finished-at="2019-11-25T08:21:48Z">
          <reporter-output>
          </reporter-output>
        </test-method> <!-- tearDown -->
      </class> <!-- com.training.sanity.tests.ComplexTest3 -->
    </test> <!-- Default test -->
  </suite> <!-- Default suite -->
</testng-results>
