<?xml version="1.0" encoding="UTF-8"?>
<!-- Generated by org.testng.reporters.JUnitReportReporter -->
<testsuite hostname="DESKTOP-VGET4HH" name="simple.TC002" tests="1" failures="0" timestamp="13 Nov 2019 07:28:24 GMT" time="3.342" errors="1">
  <testcase name="forgotPassword" time="3.342" classname="simple.TC002">
    <error type="org.openqa.selenium.SessionNotCreatedException" message="session not created: This version of ChromeDriver only supports Chrome version 76
Build info: version: &#039;3.6.0&#039;, revision: &#039;6fbf3ec767&#039;, time: &#039;2017-09-27T15:28:36.4Z&#039;
System info: host: &#039;DESKTOP-VGET4HH&#039;, ip: &#039;192.168.43.61&#039;, os.name: &#039;Windows 10&#039;, os.arch: &#039;x86&#039;, os.version: &#039;10.0&#039;, java.version: &#039;1.8.0_161&#039;
Driver info: driver.version: ChromeDriver
remote stacktrace: Backtrace:
	Ordinal0 [0x007E7C53+1473619]
	Ordinal0 [0x0076AD71+961905]
	Ordinal0 [0x006F42B3+475827]
	Ordinal0 [0x0068F365+62309]
	Ordinal0 [0x0068BC77+48247]
	Ordinal0 [0x006A9149+168265]
	Ordinal0 [0x006A8D1D+167197]
	Ordinal0 [0x006A742B+160811]
	Ordinal0 [0x00690AE6+68326]
	Ordinal0 [0x00691BF0+72688]
	Ordinal0 [0x00691B89+72585]
	Ordinal0 [0x00784B37+1067831]
	GetHandleVerifier [0x00886845+506677]
	GetHandleVerifier [0x008865E0+506064]
	GetHandleVerifier [0x0088D188+533624]
	GetHandleVerifier [0x0088701A+508682]
	Ordinal0 [0x0077C226+1032742]
	Ordinal0 [0x0077C09F+1032351]
	Ordinal0 [0x00786A4B+1075787]
	Ordinal0 [0x00786BB3+1076147]
	Ordinal0 [0x00785B65+1071973]
	BaseThreadInitThunk [0x760D6359+25]
	RtlGetAppContainerNamedObjectPath [0x77247B74+228]
	RtlGetAppContainerNamedObjectPath [0x77247B44+180]
">
      <![CDATA[org.openqa.selenium.SessionNotCreatedException: session not created: This version of ChromeDriver only supports Chrome version 76
Build info: version: '3.6.0', revision: '6fbf3ec767', time: '2017-09-27T15:28:36.4Z'
System info: host: 'DESKTOP-VGET4HH', ip: '192.168.43.61', os.name: 'Windows 10', os.arch: 'x86', os.version: '10.0', java.version: '1.8.0_161'
Driver info: driver.version: ChromeDriver
remote stacktrace: Backtrace:
	Ordinal0 [0x007E7C53+1473619]
	Ordinal0 [0x0076AD71+961905]
	Ordinal0 [0x006F42B3+475827]
	Ordinal0 [0x0068F365+62309]
	Ordinal0 [0x0068BC77+48247]
	Ordinal0 [0x006A9149+168265]
	Ordinal0 [0x006A8D1D+167197]
	Ordinal0 [0x006A742B+160811]
	Ordinal0 [0x00690AE6+68326]
	Ordinal0 [0x00691BF0+72688]
	Ordinal0 [0x00691B89+72585]
	Ordinal0 [0x00784B37+1067831]
	GetHandleVerifier [0x00886845+506677]
	GetHandleVerifier [0x008865E0+506064]
	GetHandleVerifier [0x0088D188+533624]
	GetHandleVerifier [0x0088701A+508682]
	Ordinal0 [0x0077C226+1032742]
	Ordinal0 [0x0077C09F+1032351]
	Ordinal0 [0x00786A4B+1075787]
	Ordinal0 [0x00786BB3+1076147]
	Ordinal0 [0x00785B65+1071973]
	BaseThreadInitThunk [0x760D6359+25]
	RtlGetAppContainerNamedObjectPath [0x77247B74+228]
	RtlGetAppContainerNamedObjectPath [0x77247B44+180]

	at sun.reflect.NativeConstructorAccessorImpl.newInstance0(Native Method)
	at sun.reflect.NativeConstructorAccessorImpl.newInstance(Unknown Source)
	at sun.reflect.DelegatingConstructorAccessorImpl.newInstance(Unknown Source)
	at java.lang.reflect.Constructor.newInstance(Unknown Source)
	at org.openqa.selenium.remote.W3CHandshakeResponse.lambda$new$0(W3CHandshakeResponse.java:57)
	at org.openqa.selenium.remote.W3CHandshakeResponse.lambda$getResponseFunction$2(W3CHandshakeResponse.java:104)
	at org.openqa.selenium.remote.ProtocolHandshake.lambda$createSession$24(ProtocolHandshake.java:359)
	at java.util.stream.ReferencePipeline$3$1.accept(Unknown Source)
	at java.util.Spliterators$ArraySpliterator.tryAdvance(Unknown Source)
	at java.util.stream.ReferencePipeline.forEachWithCancel(Unknown Source)
	at java.util.stream.AbstractPipeline.copyIntoWithCancel(Unknown Source)
	at java.util.stream.AbstractPipeline.copyInto(Unknown Source)
	at java.util.stream.AbstractPipeline.wrapAndCopyInto(Unknown Source)
	at java.util.stream.FindOps$FindOp.evaluateSequential(Unknown Source)
	at java.util.stream.AbstractPipeline.evaluate(Unknown Source)
	at java.util.stream.ReferencePipeline.findFirst(Unknown Source)
	at org.openqa.selenium.remote.ProtocolHandshake.createSession(ProtocolHandshake.java:362)
	at org.openqa.selenium.remote.ProtocolHandshake.createSession(ProtocolHandshake.java:136)
	at org.openqa.selenium.remote.HttpCommandExecutor.execute(HttpCommandExecutor.java:142)
	at org.openqa.selenium.remote.service.DriverCommandExecutor.execute(DriverCommandExecutor.java:83)
	at org.openqa.selenium.remote.RemoteWebDriver.execute(RemoteWebDriver.java:586)
	at org.openqa.selenium.remote.RemoteWebDriver.startSession(RemoteWebDriver.java:217)
	at org.openqa.selenium.remote.RemoteWebDriver.<init>(RemoteWebDriver.java:140)
	at org.openqa.selenium.chrome.ChromeDriver.<init>(ChromeDriver.java:181)
	at org.openqa.selenium.chrome.ChromeDriver.<init>(ChromeDriver.java:168)
	at org.openqa.selenium.chrome.ChromeDriver.<init>(ChromeDriver.java:123)
	at simple.TC002.forgotPassword(TC002.java:16)
	at sun.reflect.NativeMethodAccessorImpl.invoke0(Native Method)
	at sun.reflect.NativeMethodAccessorImpl.invoke(Unknown Source)
	at sun.reflect.DelegatingMethodAccessorImpl.invoke(Unknown Source)
	at java.lang.reflect.Method.invoke(Unknown Source)
	at org.testng.internal.MethodInvocationHelper.invokeMethod(MethodInvocationHelper.java:85)
	at org.testng.internal.Invoker.invokeMethod(Invoker.java:663)
	at org.testng.internal.Invoker.invokeTestMethod(Invoker.java:849)
	at org.testng.internal.Invoker.invokeTestMethods(Invoker.java:1157)
	at org.testng.internal.TestMethodWorker.invokeTestMethods(TestMethodWorker.java:124)
	at org.testng.internal.TestMethodWorker.run(TestMethodWorker.java:108)
	at org.testng.TestRunner.privateRun(TestRunner.java:771)
	at org.testng.TestRunner.run(TestRunner.java:621)
	at org.testng.SuiteRunner.runTest(SuiteRunner.java:357)
	at org.testng.SuiteRunner.runSequentially(SuiteRunner.java:352)
	at org.testng.SuiteRunner.privateRun(SuiteRunner.java:310)
	at org.testng.SuiteRunner.run(SuiteRunner.java:259)
	at org.testng.SuiteRunnerWorker.runSuite(SuiteRunnerWorker.java:52)
	at org.testng.SuiteRunnerWorker.run(SuiteRunnerWorker.java:86)
	at org.testng.TestNG.runSuitesSequentially(TestNG.java:1200)
	at org.testng.TestNG.runSuitesLocally(TestNG.java:1125)
	at org.testng.TestNG.run(TestNG.java:1033)
	at org.testng.remote.RemoteTestNG.run(RemoteTestNG.java:111)
	at org.testng.remote.RemoteTestNG.initAndRun(RemoteTestNG.java:204)
	at org.testng.remote.RemoteTestNG.main(RemoteTestNG.java:175)
]]>
    </error>
  </testcase> <!-- forgotPassword -->
</testsuite> <!-- simple.TC002 -->
